# JRE version: OpenJDK Runtime Environment Temurin-17.0.4.1+1 (17.0.4.1+1) (build 17.0.4.1+1)
# Java VM: OpenJDK 64-Bit Server VM Temurin-17.0.4.1+1 (17.0.4.1+1, mixed mode, tiered, compressed oops, compressed class ptrs, g1 gc, windows-amd64)
GC Precious Log:
 CPUs: 4 total, 4 available
 Memory: 3930M
 Large Page Support: Disabled
 NUMA Support: Disabled
 Compressed Oops: Enabled (32-bit)
 Heap Region Size: 1M
 Heap Min Capacity: 8M
 Heap Initial Capacity: 62M
 Heap Max Capacity: 984M
 Pre-touch: Disabled
 Parallel Workers: 4
 Concurrent Workers: 1
 Concurrent Refinement Workers: 4
 Periodic GC: Disabled
Heap:
 garbage-first heap   total 51200K, used 31813K [0x00000000c2800000, 0x0000000100000000)
  region size 1024K, 6 young (6144K), 1 survivors (1024K)
 Metaspace       used 30500K, committed 30784K, reserved 1081344K
  class space    used 3505K, committed 3648K, reserved 1048576K
GC Heap History (16 events):
Event: 1.235 GC heap before
{Heap before GC invocations=0 (full 0):
 garbage-first heap   total 63488K, used 13312K [0x00000000c2800000, 0x0000000100000000)
  region size 1024K, 13 young (13312K), 0 survivors (0K)
 Metaspace       used 12694K, committed 12864K, reserved 1064960K
  class space    used 1205K, committed 1280K, reserved 1048576K
}
Event: 1.239 GC heap after
{Heap after GC invocations=1 (full 0):
 garbage-first heap   total 63488K, used 4180K [0x00000000c2800000, 0x0000000100000000)
  region size 1024K, 2 young (2048K), 2 survivors (2048K)
 Metaspace       used 12694K, committed 12864K, reserved 1064960K
  class space    used 1205K, committed 1280K, reserved 1048576K
}
Event: 1.617 GC heap before
{Heap before GC invocations=1 (full 0):
 garbage-first heap   total 63488K, used 15444K [0x00000000c2800000, 0x0000000100000000)
  region size 1024K, 13 young (13312K), 2 survivors (2048K)
 Metaspace       used 16614K, committed 16768K, reserved 1064960K
  class space    used 1718K, committed 1792K, reserved 1048576K
}
Event: 1.621 GC heap after
{Heap after GC invocations=2 (full 0):
 garbage-first heap   total 63488K, used 5366K [0x00000000c2800000, 0x0000000100000000)
  region size 1024K, 2 young (2048K), 2 survivors (2048K)
 Metaspace       used 16614K, committed 16768K, reserved 1064960K
  class space    used 1718K, committed 1792K, reserved 1048576K
}
Event: 2.086 GC heap before
{Heap before GC invocations=2 (full 0):
 garbage-first heap   total 63488K, used 17654K [0x00000000c2800000, 0x0000000100000000)
  region size 1024K, 16 young (16384K), 2 survivors (2048K)
 Metaspace       used 21333K, committed 21504K, reserved 1073152K
  class space    used 2247K, committed 2304K, reserved 1048576K
}
Event: 2.090 GC heap after
{Heap after GC invocations=3 (full 0):
 garbage-first heap   total 63488K, used 7408K [0x00000000c2800000, 0x0000000100000000)
  region size 1024K, 4 young (4096K), 4 survivors (4096K)
 Metaspace       used 21333K, committed 21504K, reserved 1073152K
  class space    used 2247K, committed 2304K, reserved 1048576K
}
Event: 2.808 GC heap before
{Heap before GC invocations=4 (full 0):
 garbage-first heap   total 34816K, used 24816K [0x00000000c2800000, 0x0000000100000000)
  region size 1024K, 22 young (22528K), 4 survivors (4096K)
 Metaspace       used 26557K, committed 26752K, reserved 1073152K
  class space    used 2968K, committed 3072K, reserved 1048576K
}
Event: 2.812 GC heap after
{Heap after GC invocations=5 (full 0):
 garbage-first heap   total 34816K, used 8878K [0x00000000c2800000, 0x0000000100000000)
  region size 1024K, 4 young (4096K), 4 survivors (4096K)
 Metaspace       used 26557K, committed 26752K, reserved 1073152K
  class space    used 2968K, committed 3072K, reserved 1048576K
}
Event: 2.970 GC heap before
{Heap before GC invocations=5 (full 0):
 garbage-first heap   total 34816K, used 11950K [0x00000000c2800000, 0x0000000100000000)
  region size 1024K, 9 young (9216K), 4 survivors (4096K)
 Metaspace       used 27795K, committed 28032K, reserved 1081344K
  class space    used 3152K, committed 3264K, reserved 1048576K
}
Event: 2.973 GC heap after
{Heap after GC invocations=6 (full 0):
 garbage-first heap   total 34816K, used 9154K [0x00000000c2800000, 0x0000000100000000)
  region size 1024K, 2 young (2048K), 2 survivors (2048K)
 Metaspace       used 27795K, committed 28032K, reserved 1081344K
  class space    used 3152K, committed 3264K, reserved 1048576K
}
Event: 5.023 GC heap before
{Heap before GC invocations=6 (full 0):
 garbage-first heap   total 34816K, used 29634K [0x00000000c2800000, 0x0000000100000000)
  region size 1024K, 6 young (6144K), 2 survivors (2048K)
 Metaspace       used 29312K, committed 29568K, reserved 1081344K
  class space    used 3341K, committed 3456K, reserved 1048576K
}
Event: 5.026 GC heap after
{Heap after GC invocations=7 (full 0):
 garbage-first heap   total 35840K, used 27245K [0x00000000c2800000, 0x0000000100000000)
  region size 1024K, 2 young (2048K), 2 survivors (2048K)
 Metaspace       used 29312K, committed 29568K, reserved 1081344K
  class space    used 3341K, committed 3456K, reserved 1048576K
}
Event: 5.059 GC heap before
{Heap before GC invocations=7 (full 0):
 garbage-first heap   total 35840K, used 28269K [0x00000000c2800000, 0x0000000100000000)
  region size 1024K, 3 young (3072K), 2 survivors (2048K)
 Metaspace       used 29450K, committed 29760K, reserved 1081344K
  class space    used 3364K, committed 3520K, reserved 1048576K
}
Event: 5.061 GC heap after
{Heap after GC invocations=8 (full 0):
 garbage-first heap   total 35840K, used 27435K [0x00000000c2800000, 0x0000000100000000)
  region size 1024K, 1 young (1024K), 1 survivors (1024K)
 Metaspace       used 29450K, committed 29760K, reserved 1081344K
  class space    used 3364K, committed 3520K, reserved 1048576K
}
Event: 5.123 GC heap before
{Heap before GC invocations=9 (full 0):
 garbage-first heap   total 51200K, used 28459K [0x00000000c2800000, 0x0000000100000000)
  region size 1024K, 2 young (2048K), 1 survivors (1024K)
 Metaspace       used 29601K, committed 29824K, reserved 1081344K
  class space    used 3389K, committed 3520K, reserved 1048576K
}
Event: 5.124 GC heap after
{Heap after GC invocations=10 (full 0):
 garbage-first heap   total 51200K, used 27717K [0x00000000c2800000, 0x0000000100000000)
  region size 1024K, 1 young (1024K), 1 survivors (1024K)
 Metaspace       used 29601K, committed 29824K, reserved 1081344K
  class space    used 3389K, committed 3520K, reserved 1048576K
}

